<?xml version="1.0" encoding="UTF-8"?>
<testng-results ignored="0" total="1" passed="1" failed="0" skipped="0">
  <reporter-output>
  </reporter-output>
  <suite started-at="2022-04-12T10:01:10 IST" name="Suite" finished-at="2022-04-12T10:01:20 IST" duration-ms="10465">
    <groups>
      <group name="cucumber">
        <method signature="AbstractTestNGCucumberTests.runScenario(io.cucumber.testng.PickleWrapper,io.cucumber.testng.FeatureWrapper)[pri:0, instance:com.leafBot.testcases.TC001_LoginLogOut@31190526]" name="runScenario" class="io.cucumber.testng.AbstractTestNGCucumberTests"/>
      </group> <!-- cucumber -->
    </groups>
    <test started-at="2022-04-12T10:01:10 IST" name="Test" finished-at="2022-04-12T10:01:20 IST" duration-ms="10465">
      <class name="com.leafBot.testcases.TC001_LoginLogOut">
        <test-method is-config="true" signature="startReport()[pri:0, instance:com.leafBot.testcases.TC001_LoginLogOut@31190526]" started-at="2022-04-12T10:01:09 IST" name="startReport" finished-at="2022-04-12T10:01:10 IST" duration-ms="340" status="PASS">
          <reporter-output>
          </reporter-output>
        </test-method> <!-- startReport -->
        <test-method is-config="true" signature="setValues()[pri:0, instance:com.leafBot.testcases.TC001_LoginLogOut@31190526]" started-at="2022-04-12T10:01:10 IST" name="setValues" finished-at="2022-04-12T10:01:10 IST" duration-ms="1" status="PASS">
          <reporter-output>
          </reporter-output>
        </test-method> <!-- setValues -->
        <test-method is-config="true" signature="setUpClass()[pri:0, instance:com.leafBot.testcases.TC001_LoginLogOut@31190526]" started-at="2022-04-12T10:01:10 IST" name="setUpClass" finished-at="2022-04-12T10:01:10 IST" duration-ms="430" status="PASS">
          <reporter-output>
          </reporter-output>
        </test-method> <!-- setUpClass -->
        <test-method is-config="true" signature="report()[pri:0, instance:com.leafBot.testcases.TC001_LoginLogOut@31190526]" started-at="2022-04-12T10:01:10 IST" name="report" finished-at="2022-04-12T10:01:10 IST" duration-ms="14" status="PASS">
          <reporter-output>
          </reporter-output>
        </test-method> <!-- report -->
        <test-method is-config="true" signature="beforeMethod()[pri:0, instance:com.leafBot.testcases.TC001_LoginLogOut@31190526]" started-at="2022-04-12T10:01:11 IST" name="beforeMethod" finished-at="2022-04-12T10:01:18 IST" duration-ms="6357" status="PASS">
          <reporter-output>
          </reporter-output>
        </test-method> <!-- beforeMethod -->
        <test-method signature="createLeaf(java.lang.String,java.lang.String)[pri:0, instance:com.leafBot.testcases.TC001_LoginLogOut@31190526]" started-at="2022-04-12T10:01:18 IST" name="createLeaf" data-provider="fetchData" finished-at="2022-04-12T10:01:20 IST" duration-ms="2064" status="PASS">
          <params>
            <param index="0">
              <value>
                <![CDATA[DemoCSR]]>
              </value>
            </param>
            <param index="1">
              <value>
                <![CDATA[crmsfa]]>
              </value>
            </param>
          </params>
          <reporter-output>
          </reporter-output>
        </test-method> <!-- createLeaf -->
        <test-method is-config="true" signature="afterMethod()[pri:0, instance:com.leafBot.testcases.TC001_LoginLogOut@31190526]" started-at="2022-04-12T10:01:20 IST" name="afterMethod" finished-at="2022-04-12T10:01:20 IST" duration-ms="325" status="PASS">
          <reporter-output>
          </reporter-output>
        </test-method> <!-- afterMethod -->
        <test-method is-config="true" signature="tearDownClass()[pri:0, instance:com.leafBot.testcases.TC001_LoginLogOut@31190526]" started-at="2022-04-12T10:01:20 IST" name="tearDownClass" finished-at="2022-04-12T10:01:20 IST" duration-ms="29" status="PASS">
          <reporter-output>
          </reporter-output>
        </test-method> <!-- tearDownClass -->
        <test-method is-config="true" signature="stopReport()[pri:0, instance:com.leafBot.testcases.TC001_LoginLogOut@31190526]" started-at="2022-04-12T10:01:20 IST" name="stopReport" finished-at="2022-04-12T10:01:21 IST" duration-ms="904" status="PASS">
          <reporter-output>
          </reporter-output>
        </test-method> <!-- stopReport -->
      </class> <!-- com.leafBot.testcases.TC001_LoginLogOut -->
    </test> <!-- Test -->
  </suite> <!-- Suite -->
</testng-results>
